#
# A fatal error has been detected by the Java Runtime Environment:
#
#  SIGSEGV (0xb) at pc=0x00007fff96ee54dd, pid=2992, tid=2571
#
# JRE version: Java(TM) SE Runtime Environment (8.0_91-b14) (build 1.8.0_91-b14)
# Java VM: Java HotSpot(TM) 64-Bit Server VM (25.91-b14 mixed mode bsd-amd64 compressed oops)
# Problematic frame:
# C  [libobjc.A.dylib+0x14dd]  objc_msgSend+0x1d
#
# Failed to write core dump. Core dumps have been disabled. To enable core dumping, try "ulimit -c unlimited" before starting Java again
#
# If you would like to submit a bug report, please visit:
#   http://bugreport.java.com/bugreport/crash.jsp
# The crash happened outside the Java Virtual Machine in native code.
# See problematic frame for where to report the bug.
#

---------------  T H R E A D  ---------------

Current thread (0x00007feccc0ef800):  JavaThread "AWT-AppKit" daemon [_thread_in_native, id=2571, stack(0x00007fff52b27000,0x00007fff53327000)]

siginfo: si_signo: 11 (SIGSEGV), si_code: 1 (SEGV_MAPERR), si_addr: 0x0000000000000018

Registers:
RAX=0x00007fecd04b13f0, RBX=0x0000000182955450, RCX=0x000000012c94eea0, RDX=0x000000012c94ef20
RSP=0x00007fff53322498, RBP=0x00007fff53322550, RSI=0x00007fff8fb87ce6, RDI=0x00007fecd04ae380
R8 =0x0000000000000000, R9 =0x00000000000008b0, R10=0x00007fff8fb87ce6, R11=0x0000000000000000
R12=0x0000000000000000, R13=0x000000018777b1a0, R14=0x0000000182955440, R15=0x00007feccc0ef800
RIP=0x00007fff96ee54dd, EFLAGS=0x0000000000010246, ERR=0x0000000000000004
  TRAPNO=0x000000000000000e

Top of Stack: (sp=0x00007fff53322498)
0x00007fff53322498:   0000000182953157 00007fff533224f0
0x00007fff533224a8:   0000000000000003 00007fff533224d0
0x00007fff533224b8:   000000010ddf24ea 000000018777b1a0
0x00007fff533224c8:   000000018777b1a0 00007fecd04b13f0
0x00007fff533224d8:   00000001829556a0 0000000182955710
0x00007fff533224e8:   00007fff7740e770 00007fff7853d500
0x00007fff533224f8:   0000000182955450 0000000182955690
0x00007fff53322508:   00007fecd04b13f0 00007fecd04ae380
0x00007fff53322518:   00007fecd04c5490 00007fecd04b13f0
0x00007fff53322528:   00007fecd04ae380 00007fff533225d8
0x00007fff53322538:   00007feccc0ef9f8 000000018777b1a0
0x00007fff53322548:   00007fff53322600 00007fff533225c8
0x00007fff53322558:   000000010ebab9d4 000000018777b1a0
0x00007fff53322568:   00007fff53322600 00007fff533225c8
0x00007fff53322578:   000000010ebab767 000000010ebab722
0x00007fff53322588:   00007fff53322588 000000018777b1a0
0x00007fff53322598:   00007fff53322600 000000018777ddd8
0x00007fff533225a8:   0000000000000000 000000018777b1a0
0x00007fff533225b8:   0000000000000000 00007fff533225e8
0x00007fff533225c8:   00007fff53322648 000000010eb9c2bd
0x00007fff533225d8:   00000006c03fa520 000000010eba5538
0x00007fff533225e8:   00007fecd04b13f0 00007fff53322648
0x00007fff533225f8:   00007fecd04ae380 000000010eba6e02
0x00007fff53322608:   00007fff53322608 000000018777b36a
0x00007fff53322618:   00007fff53322670 000000018777ddd8
0x00007fff53322628:   0000000000000000 000000018777b378
0x00007fff53322638:   00007fff533225e8 00007fff53322658
0x00007fff53322648:   00007fff533226b8 000000010eb9c2bd
0x00007fff53322658:   00007fecd04b13f0 00000006c090b0f0
0x00007fff53322668:   00007fecd04ae380 00000006c090b0f0
0x00007fff53322678:   00007fff53322678 000000018bc0e776
0x00007fff53322688:   00007fff533226c8 000000018bc0e830 

Instructions: (pc=0x00007fff96ee54dd)
0x00007fff96ee54bd:   44 00 00 48 85 ff 2e 74 62 40 f6 c7 01 2e 75 66
0x00007fff96ee54cd:   49 bb f8 ff ff ff ff 7f 00 00 4c 23 1f 49 89 f2
0x00007fff96ee54dd:   45 23 53 18 49 c1 e2 04 4d 03 53 10 49 3b 32 75
0x00007fff96ee54ed:   04 41 ff 62 08 49 83 3a 01 76 0d 49 83 c2 10 49 

Register to memory mapping:

RAX=0x00007fecd04b13f0 is an unknown value
RBX=0x0000000182955450: Java_jogamp_nativewindow_macosx_OSXUtil_GetScreenRefreshRate0+0x1cf0 in /private/var/folders/vf/861yb8t12d1bb881lp7xhgmh0000gn/T/jogamp_0000/file_cache/jln6273565478206940539/jln6666969662586279283/libnativewindow_macosx.jnilib at 0x000000018294e000
RCX=0x000000012c94eea0 is an unknown value
RDX=0x000000012c94ef20 is an unknown value
RSP=0x00007fff53322498 is pointing into the stack for thread: 0x00007feccc0ef800
RBP=0x00007fff53322550 is pointing into the stack for thread: 0x00007feccc0ef800
RSI=0x00007fff8fb87ce6 is an unknown value
RDI=0x00007fecd04ae380 is an unknown value
R8 =0x0000000000000000 is an unknown value
R9 =0x00000000000008b0 is an unknown value
R10=0x00007fff8fb87ce6 is an unknown value
R11=0x0000000000000000 is an unknown value
R12=0x0000000000000000 is an unknown value
R13={method} {0x000000018777b1a0} 'UnsetJAWTRootSurfaceLayer0' '(JJ)V' in 'jogamp/nativewindow/jawt/macosx/MacOSXJAWTWindow'
R14=0x0000000182955440: Java_jogamp_nativewindow_macosx_OSXUtil_GetScreenRefreshRate0+0x1ce0 in /private/var/folders/vf/861yb8t12d1bb881lp7xhgmh0000gn/T/jogamp_0000/file_cache/jln6273565478206940539/jln6666969662586279283/libnativewindow_macosx.jnilib at 0x000000018294e000
R15=0x00007feccc0ef800 is a thread


Stack: [0x00007fff52b27000,0x00007fff53327000],  sp=0x00007fff53322498,  free space=8173k
Native frames: (J=compiled Java code, j=interpreted, Vv=VM code, C=native code)
C  [libobjc.A.dylib+0x14dd]  objc_msgSend+0x1d
j  jogamp.nativewindow.jawt.macosx.MacOSXJAWTWindow.UnsetJAWTRootSurfaceLayer0(JJ)V+0
j  jogamp.nativewindow.jawt.macosx.MacOSXJAWTWindow.access$200(JJ)V+2
j  jogamp.nativewindow.jawt.macosx.MacOSXJAWTWindow$1.run()V+38
j  com.jogamp.common.util.RunnableTask.run()V+24
v  ~StubRoutines::call_stub
V  [libjvm.dylib+0x2ec1e6]  JavaCalls::call_helper(JavaValue*, methodHandle*, JavaCallArguments*, Thread*)+0x6ae
V  [libjvm.dylib+0x323355]  jni_invoke_nonstatic(JNIEnv_*, JavaValue*, _jobject*, JNICallType, _jmethodID*, JNI_ArgumentPusher*, Thread*)+0x2ec
V  [libjvm.dylib+0x315b23]  jni_CallVoidMethod+0x16b
C  [libnativewindow_macosx.jnilib+0x5326]  Java_jogamp_nativewindow_jawt_macosx_MacOSXJAWTWindow_UnsetJAWTRootSurfaceLayer0+0x2b6
C  [Foundation+0x76f5e]  __NSThreadPerformPerform+0x117
C  [CoreFoundation+0xaa881]  __CFRUNLOOP_IS_CALLING_OUT_TO_A_SOURCE0_PERFORM_FUNCTION__+0x11
C  [CoreFoundation+0x89f37]  __CFRunLoopDoSources0+0x1a7
C  [CoreFoundation+0x894df]  __CFRunLoopRun+0x39f
C  [CoreFoundation+0x88ed8]  CFRunLoopRunSpecific+0x128
C  [HIToolbox+0x30935]  RunCurrentEventLoopInMode+0xeb
C  [HIToolbox+0x30677]  ReceiveNextEventCommon+0xb8
C  [HIToolbox+0x305af]  _BlockUntilNextEventMatchingListInModeWithFilter+0x47
C  [AppKit+0x48efa]  _DPSNextEvent+0x42b
C  [AppKit+0x4832a]  -[NSApplication _nextEventMatchingEventMask:untilDate:inMode:dequeue:]+0x1c6
C  [libosxapp.dylib+0x23aa]  -[NSApplicationAWT nextEventMatchingMask:untilDate:inMode:dequeue:]+0x7c
C  [AppKit+0x3ce84]  -[NSApplication run]+0x2aa
C  [libosxapp.dylib+0x214d]  +[NSApplicationAWT runAWTLoopWithApp:]+0x9c
C  [libawt_lwawt.dylib+0x4455b]  -[AWTStarter starter:]+0x389
C  [Foundation+0x76f5e]  __NSThreadPerformPerform+0x117
C  [CoreFoundation+0xaa881]  __CFRUNLOOP_IS_CALLING_OUT_TO_A_SOURCE0_PERFORM_FUNCTION__+0x11
C  [CoreFoundation+0x89fbc]  __CFRunLoopDoSources0+0x22c
C  [CoreFoundation+0x894df]  __CFRunLoopRun+0x39f
C  [CoreFoundation+0x88ed8]  CFRunLoopRunSpecific+0x128
C  [java+0x6463]  CreateExecutionEnvironment+0x367
C  [java+0x21ac]  JLI_Launch+0x7a0
C  [java+0x84c0]  main+0x65
C  [java+0x1a04]  start+0x34
C  0x0000000000000007

Java frames: (J=compiled Java code, j=interpreted, Vv=VM code)
j  jogamp.nativewindow.jawt.macosx.MacOSXJAWTWindow.UnsetJAWTRootSurfaceLayer0(JJ)V+0
j  jogamp.nativewindow.jawt.macosx.MacOSXJAWTWindow.access$200(JJ)V+2
j  jogamp.nativewindow.jawt.macosx.MacOSXJAWTWindow$1.run()V+38
j  com.jogamp.common.util.RunnableTask.run()V+24
v  ~StubRoutines::call_stub

---------------  P R O C E S S  ---------------

Java Threads: ( => current thread )
  0x00007feccc30f800 JavaThread "Thread-19" [_thread_blocked, id=15535, stack(0x0000700000dc1000,0x0000700000ec1000)]
  0x00007fecc980f800 JavaThread "Animation Thread" [_thread_blocked, id=66607, stack(0x0000700001e80000,0x0000700001f80000)]
  0x00007fecccbec000 JavaThread "AWT-EventQueue-1" [_thread_in_native, id=68123, stack(0x0000700001f83000,0x0000700002083000)]
  0x00007feccc40e800 JavaThread "DestroyJavaVM" [_thread_blocked, id=5891, stack(0x000070000011a000,0x000070000021a000)]
  0x00007feccd923000 JavaThread "AWT-EventQueue-0" [_thread_blocked, id=63235, stack(0x0000700001cfa000,0x0000700001dfa000)]
  0x00007fecc9a19000 JavaThread "Java2D Disposer" daemon [_thread_blocked, id=53267, stack(0x0000700001a71000,0x0000700001b71000)]
  0x00007feccc123000 JavaThread "Java2D Queue Flusher" daemon [_thread_blocked, id=53771, stack(0x000070000196e000,0x0000700001a6e000)]
  0x00007feccc87e000 JavaThread "AWT-Shutdown" [_thread_blocked, id=31763, stack(0x00007000015dc000,0x00007000016dc000)]
=>0x00007feccc0ef800 JavaThread "AWT-AppKit" daemon [_thread_in_native, id=2571, stack(0x00007fff52b27000,0x00007fff53327000)]
  0x00007fecc987c800 JavaThread "Service Thread" daemon [_thread_blocked, id=21507, stack(0x00007000013d6000,0x00007000014d6000)]
  0x00007fecc987b800 JavaThread "C1 CompilerThread3" daemon [_thread_blocked, id=20995, stack(0x00007000012d3000,0x00007000013d3000)]
  0x00007feccd800000 JavaThread "C2 CompilerThread2" daemon [_thread_blocked, id=20483, stack(0x00007000011d0000,0x00007000012d0000)]
  0x00007feccc011800 JavaThread "C2 CompilerThread1" daemon [_thread_blocked, id=19971, stack(0x00007000010cd000,0x00007000011cd000)]
  0x00007fecc987b000 JavaThread "C2 CompilerThread0" daemon [_thread_blocked, id=19459, stack(0x0000700000fca000,0x00007000010ca000)]
  0x00007fecc9886000 JavaThread "Signal Dispatcher" daemon [_thread_blocked, id=18711, stack(0x0000700000ec7000,0x0000700000fc7000)]
  0x00007feccc00f000 JavaThread "Finalizer" daemon [_thread_blocked, id=14339, stack(0x0000700000c3b000,0x0000700000d3b000)]
  0x00007feccc00c000 JavaThread "Reference Handler" daemon [_thread_blocked, id=13827, stack(0x0000700000b38000,0x0000700000c38000)]

Other Threads:
  0x00007feccc007800 VMThread [stack: 0x0000700000a35000,0x0000700000b35000] [id=13315]
  0x00007fecc987d000 WatcherThread [stack: 0x00007000014d9000,0x00007000015d9000] [id=22019]

VM state:not at safepoint (normal execution)

VM Mutex/Monitor currently owned by a thread: None

Heap:
 PSYoungGen      total 77312K, used 12503K [0x000000076ab00000, 0x0000000770b00000, 0x00000007c0000000)
  eden space 61440K, 19% used [0x000000076ab00000,0x000000076b6e5ef8,0x000000076e700000)
  from space 15872K, 2% used [0x000000076e800000,0x000000076e850000,0x000000076f780000)
  to   space 18432K, 0% used [0x000000076f900000,0x000000076f900000,0x0000000770b00000)
 ParOldGen       total 175104K, used 18521K [0x00000006c0000000, 0x00000006cab00000, 0x000000076ab00000)
  object space 175104K, 10% used [0x00000006c0000000,0x00000006c12164b8,0x00000006cab00000)
 Metaspace       used 20977K, capacity 21131K, committed 21296K, reserved 1069056K
  class space    used 2044K, capacity 2110K, committed 2176K, reserved 1048576K

Card table byte_map: [0x000000011df54000,0x000000011e755000] byte_map_base: 0x000000011a954000

Marking Bits: (ParMarkBitMap*) 0x000000010e4e6eb0
 Begin Bits: [0x000000011ecab000, 0x0000000122cab000)
 End Bits:   [0x0000000122cab000, 0x0000000126cab000)

Polling page: 0x000000010cb9c000

CodeCache: size=245760Kb used=10709Kb max_used=10722Kb free=235050Kb
 bounds [0x000000010eb94000, 0x000000010f624000, 0x000000011db94000]
 total_blobs=3654 nmethods=2762 adapters=805
 compilation: enabled

Compilation events (10 events):
Event: 101.234 Thread 0x00007fecc987b800 2790       3       java.awt.Component::areInputMethodsEnabled (39 bytes)
Event: 101.235 Thread 0x00007fecc987b800 nmethod 2790 0x000000010f60f910 code [0x000000010f60fa80, 0x000000010f60fcf0]
Event: 101.247 Thread 0x00007fecc987b800 2791       1       sun.java2d.SurfaceData::isValid (5 bytes)
Event: 101.248 Thread 0x00007fecc987b800 nmethod 2791 0x000000010f60fd50 code [0x000000010f60fea0, 0x000000010f60ffb0]
Event: 101.248 Thread 0x00007fecc987b800 2792       3       sun.java2d.pipe.RenderBuffer::putFloat (26 bytes)
Event: 101.248 Thread 0x00007fecc987b800 nmethod 2792 0x000000010f610350 code [0x000000010f6104c0, 0x000000010f610650]
Event: 101.250 Thread 0x00007fecc987b000 2794       4       processing.core.PApplet::handleMethods (21 bytes)
Event: 101.250 Thread 0x00007feccd800000 2795       4       sun.java2d.SunGraphics2D::translate (68 bytes)
Event: 101.253 Thread 0x00007feccd800000 nmethod 2795 0x000000010f6135d0 code [0x000000010f613760, 0x000000010f613a08]
Event: 101.257 Thread 0x00007fecc987b000 nmethod 2794 0x000000010f611450 code [0x000000010f6115e0, 0x000000010f611bd8]

GC Heap History (10 events):
Event: 29.393 GC heap before
{Heap before GC invocations=3 (full 0):
 PSYoungGen      total 76288K, used 76259K [0x000000076ab00000, 0x0000000770000000, 0x00000007c0000000)
  eden space 65536K, 100% used [0x000000076ab00000,0x000000076eb00000,0x000000076eb00000)
  from space 10752K, 99% used [0x000000076f580000,0x000000076fff8c70,0x0000000770000000)
  to   space 10752K, 0% used [0x000000076eb00000,0x000000076eb00000,0x000000076f580000)
 ParOldGen       total 175104K, used 7855K [0x00000006c0000000, 0x00000006cab00000, 0x000000076ab00000)
  object space 175104K, 4% used [0x00000006c0000000,0x00000006c07abe70,0x00000006cab00000)
 Metaspace       used 20811K, capacity 21003K, committed 21120K, reserved 1069056K
  class space    used 2023K, capacity 2110K, committed 2176K, reserved 1048576K
Event: 29.401 GC heap after
Heap after GC invocations=3 (full 0):
 PSYoungGen      total 76288K, used 10739K [0x000000076ab00000, 0x0000000770000000, 0x00000007c0000000)
  eden space 65536K, 0% used [0x000000076ab00000,0x000000076ab00000,0x000000076eb00000)
  from space 10752K, 99% used [0x000000076eb00000,0x000000076f57cc20,0x000000076f580000)
  to   space 10752K, 0% used [0x000000076f580000,0x000000076f580000,0x0000000770000000)
 ParOldGen       total 175104K, used 7863K [0x00000006c0000000, 0x00000006cab00000, 0x000000076ab00000)
  object space 175104K, 4% used [0x00000006c0000000,0x00000006c07ade70,0x00000006cab00000)
 Metaspace       used 20811K, capacity 21003K, committed 21120K, reserved 1069056K
  class space    used 2023K, capacity 2110K, committed 2176K, reserved 1048576K
}
Event: 47.113 GC heap before
{Heap before GC invocations=4 (full 0):
 PSYoungGen      total 76288K, used 76275K [0x000000076ab00000, 0x0000000770000000, 0x00000007c0000000)
  eden space 65536K, 100% used [0x000000076ab00000,0x000000076eb00000,0x000000076eb00000)
  from space 10752K, 99% used [0x000000076eb00000,0x000000076f57cc20,0x000000076f580000)
  to   space 10752K, 0% used [0x000000076f580000,0x000000076f580000,0x0000000770000000)
 ParOldGen       total 175104K, used 7863K [0x00000006c0000000, 0x00000006cab00000, 0x000000076ab00000)
  object space 175104K, 4% used [0x00000006c0000000,0x00000006c07ade70,0x00000006cab00000)
 Metaspace       used 20861K, capacity 21067K, committed 21296K, reserved 1069056K
  class space    used 2037K, capacity 2110K, committed 2176K, reserved 1048576K
Event: 47.121 GC heap after
Heap after GC invocations=4 (full 0):
 PSYoungGen      total 76288K, used 10723K [0x000000076ab00000, 0x0000000770000000, 0x00000007c0000000)
  eden space 65536K, 0% used [0x000000076ab00000,0x000000076ab00000,0x000000076eb00000)
  from space 10752K, 99% used [0x000000076f580000,0x000000076fff8c30,0x0000000770000000)
  to   space 10752K, 0% used [0x000000076eb00000,0x000000076eb00000,0x000000076f580000)
 ParOldGen       total 175104K, used 7879K [0x00000006c0000000, 0x00000006cab00000, 0x000000076ab00000)
  object space 175104K, 4% used [0x00000006c0000000,0x00000006c07b1e70,0x00000006cab00000)
 Metaspace       used 20861K, capacity 21067K, committed 21296K, reserved 1069056K
  class space    used 2037K, capacity 2110K, committed 2176K, reserved 1048576K
}
Event: 64.696 GC heap before
{Heap before GC invocations=5 (full 0):
 PSYoungGen      total 76288K, used 76259K [0x000000076ab00000, 0x0000000770000000, 0x00000007c0000000)
  eden space 65536K, 100% used [0x000000076ab00000,0x000000076eb00000,0x000000076eb00000)
  from space 10752K, 99% used [0x000000076f580000,0x000000076fff8c30,0x0000000770000000)
  to   space 10752K, 0% used [0x000000076eb00000,0x000000076eb00000,0x000000076f580000)
 ParOldGen       total 175104K, used 7879K [0x00000006c0000000, 0x00000006cab00000, 0x000000076ab00000)
  object space 175104K, 4% used [0x00000006c0000000,0x00000006c07b1e70,0x00000006cab00000)
 Metaspace       used 20866K, capacity 21067K, committed 21296K, reserved 1069056K
  class space    used 2037K, capacity 2110K, committed 2176K, reserved 1048576K
Event: 64.702 GC heap after
Heap after GC invocations=5 (full 0):
 PSYoungGen      total 74752K, used 10739K [0x000000076ab00000, 0x0000000770980000, 0x00000007c0000000)
  eden space 64000K, 0% used [0x000000076ab00000,0x000000076ab00000,0x000000076e980000)
  from space 10752K, 99% used [0x000000076eb00000,0x000000076f57cc20,0x000000076f580000)
  to   space 16384K, 0% used [0x000000076f980000,0x000000076f980000,0x0000000770980000)
 ParOldGen       total 175104K, used 7895K [0x00000006c0000000, 0x00000006cab00000, 0x000000076ab00000)
  object space 175104K, 4% used [0x00000006c0000000,0x00000006c07b5e70,0x00000006cab00000)
 Metaspace       used 20866K, capacity 21067K, committed 21296K, reserved 1069056K
  class space    used 2037K, capacity 2110K, committed 2176K, reserved 1048576K
}
Event: 82.066 GC heap before
{Heap before GC invocations=6 (full 0):
 PSYoungGen      total 74752K, used 74739K [0x000000076ab00000, 0x0000000770980000, 0x00000007c0000000)
  eden space 64000K, 100% used [0x000000076ab00000,0x000000076e980000,0x000000076e980000)
  from space 10752K, 99% used [0x000000076eb00000,0x000000076f57cc20,0x000000076f580000)
  to   space 16384K, 0% used [0x000000076f980000,0x000000076f980000,0x0000000770980000)
 ParOldGen       total 175104K, used 7895K [0x00000006c0000000, 0x00000006cab00000, 0x000000076ab00000)
  object space 175104K, 4% used [0x00000006c0000000,0x00000006c07b5e70,0x00000006cab00000)
 Metaspace       used 20868K, capacity 21067K, committed 21296K, reserved 1069056K
  class space    used 2037K, capacity 2110K, committed 2176K, reserved 1048576K
Event: 82.074 GC heap after
Heap after GC invocations=6 (full 0):
 PSYoungGen      total 76288K, used 10803K [0x000000076ab00000, 0x0000000770700000, 0x00000007c0000000)
  eden space 62464K, 0% used [0x000000076ab00000,0x000000076ab00000,0x000000076e800000)
  from space 13824K, 78% used [0x000000076f980000,0x000000077040cc20,0x0000000770700000)
  to   space 15872K, 0% used [0x000000076e800000,0x000000076e800000,0x000000076f780000)
 ParOldGen       total 175104K, used 7903K [0x00000006c0000000, 0x00000006cab00000, 0x000000076ab00000)
  object space 175104K, 4% used [0x00000006c0000000,0x00000006c07b7e70,0x00000006cab00000)
 Metaspace       used 20868K, capacity 21067K, committed 21296K, reserved 1069056K
  class space    used 2037K, capacity 2110K, committed 2176K, reserved 1048576K
}
Event: 98.585 GC heap before
{Heap before GC invocations=7 (full 0):
 PSYoungGen      total 76288K, used 73267K [0x000000076ab00000, 0x0000000770700000, 0x00000007c0000000)
  eden space 62464K, 100% used [0x000000076ab00000,0x000000076e800000,0x000000076e800000)
  from space 13824K, 78% used [0x000000076f980000,0x000000077040cc20,0x0000000770700000)
  to   space 15872K, 0% used [0x000000076e800000,0x000000076e800000,0x000000076f780000)
 ParOldGen       total 175104K, used 7903K [0x00000006c0000000, 0x00000006cab00000, 0x000000076ab00000)
  object space 175104K, 4% used [0x00000006c0000000,0x00000006c07b7e70,0x00000006cab00000)
 Metaspace       used 20868K, capacity 21067K, committed 21296K, reserved 1069056K
  class space    used 2037K, capacity 2110K, committed 2176K, reserved 1048576K
Event: 98.594 GC heap after
Heap after GC invocations=7 (full 0):
 PSYoungGen      total 77312K, used 320K [0x000000076ab00000, 0x0000000770b00000, 0x00000007c0000000)
  eden space 61440K, 0% used [0x000000076ab00000,0x000000076ab00000,0x000000076e700000)
  from space 15872K, 2% used [0x000000076e800000,0x000000076e850000,0x000000076f780000)
  to   space 18432K, 0% used [0x000000076f900000,0x000000076f900000,0x0000000770b00000)
 ParOldGen       total 175104K, used 18521K [0x00000006c0000000, 0x00000006cab00000, 0x000000076ab00000)
  object space 175104K, 10% used [0x00000006c0000000,0x00000006c12164b8,0x00000006cab00000)
 Metaspace       used 20868K, capacity 21067K, committed 21296K, reserved 1069056K
  class space    used 2037K, capacity 2110K, committed 2176K, reserved 1048576K
}

Deoptimization events (10 events):
Event: 101.250 Thread 0x00007feccd923000 Uncommon trap: reason=class_check action=maybe_recompile pc=0x000000010f58f7b0 method=java.awt.Component.getGraphics()Ljava/awt/Graphics; @ 114
Event: 101.250 Thread 0x00007fecccbec000 Uncommon trap: reason=class_check action=maybe_recompile pc=0x000000010f58740c method=java.awt.event.InvocationEvent.dispatch()V @ 11
Event: 101.251 Thread 0x00007feccc0ef800 Uncommon trap: reason=class_check action=maybe_recompile pc=0x000000010f570cc0 method=com.jogamp.common.util.RunnableTask.run()V @ 24
Event: 101.251 Thread 0x00007feccc0ef800 Uncommon trap: reason=unstable_if action=reinterpret pc=0x000000010f57743c method=jogamp.nativewindow.macosx.OSXUtil.RunOnMainThread(ZZLjava/lang/Runnable;)V @ 3
Event: 101.256 Thread 0x00007fecccbec000 Uncommon trap: reason=unstable_if action=reinterpret pc=0x000000010f594c70 method=jogamp.opengl.GLContextImpl.release(Z)V @ 161
Event: 101.258 Thread 0x00007fecccbec000 Uncommon trap: reason=unstable_if action=reinterpret pc=0x000000010f50cfd8 method=java.util.LinkedList$ListItr.<init>(Ljava/util/LinkedList;I)V @ 26
Event: 101.258 Thread 0x00007fecccbec000 Uncommon trap: reason=unstable_if action=reinterpret pc=0x000000010f4b4328 method=java.security.AccessControlContext.optimize()Ljava/security/AccessControlContext; @ 233
Event: 101.259 Thread 0x00007fecccbec000 Uncommon trap: reason=class_check action=maybe_recompile pc=0x000000010f58740c method=java.awt.event.InvocationEvent.dispatch()V @ 11
Event: 101.259 Thread 0x00007feccd923000 Uncommon trap: reason=class_check action=maybe_recompile pc=0x000000010f58f7b0 method=java.awt.Component.getGraphics()Ljava/awt/Graphics; @ 114
Event: 101.260 Thread 0x00007feccc0ef800 Uncommon trap: reason=class_check action=maybe_recompile pc=0x000000010f570cc0 method=com.jogamp.common.util.RunnableTask.run()V @ 24

Internal exceptions (10 events):
Event: 0.105 Thread 0x00007fecc980f800 Exception <a 'java/lang/NoSuchFieldError': method resolution failed> (0x000000076ada6e20) thrown at [/Users/java_re/workspace/8-2-build-macosx-x86_64/jdk8u91/6644/hotspot/src/share/vm/prims/methodHandles.cpp, line 1146]
Event: 0.106 Thread 0x00007fecc980f800 Exception <a 'java/lang/NoSuchFieldError': method resolution failed> (0x000000076adb45f0) thrown at [/Users/java_re/workspace/8-2-build-macosx-x86_64/jdk8u91/6644/hotspot/src/share/vm/prims/methodHandles.cpp, line 1146]
Event: 0.209 Thread 0x00007fecc980f800 Exception <a 'java/io/FileNotFoundException'> (0x000000076ae30310) thrown at [/Users/java_re/workspace/8-2-build-macosx-x86_64/jdk8u91/6644/hotspot/src/share/vm/prims/jni.cpp, line 709]
Event: 0.209 Thread 0x00007fecc980f800 Exception <a 'java/io/FileNotFoundException'> (0x000000076ae30e58) thrown at [/Users/java_re/workspace/8-2-build-macosx-x86_64/jdk8u91/6644/hotspot/src/share/vm/prims/jni.cpp, line 709]
Event: 0.539 Thread 0x00007fecc980f800 Exception <a 'java/io/FileNotFoundException'> (0x000000076aec55c8) thrown at [/Users/java_re/workspace/8-2-build-macosx-x86_64/jdk8u91/6644/hotspot/src/share/vm/prims/jni.cpp, line 709]
Event: 1.417 Thread 0x00007fecc980f800 Exception <a 'java/lang/UnsatisfiedLinkError': com.jogamp.common.util.JarUtil.fixNativeLibAttribs(Ljava/lang/String;)Z> (0x000000076c765d88) thrown at [/Users/java_re/workspace/8-2-build-macosx-x86_64/jdk8u91/6644/hotspot/src/share/vm/prims/nativeLookup.c
Event: 2.004 Thread 0x00007fecccbec000 Exception <a 'java/io/FileNotFoundException'> (0x000000076d7de508) thrown at [/Users/java_re/workspace/8-2-build-macosx-x86_64/jdk8u91/6644/hotspot/src/share/vm/prims/jni.cpp, line 709]
Event: 2.004 Thread 0x00007fecccbec000 Exception <a 'java/io/FileNotFoundException'> (0x000000076d7e4610) thrown at [/Users/java_re/workspace/8-2-build-macosx-x86_64/jdk8u91/6644/hotspot/src/share/vm/prims/jni.cpp, line 709]
Event: 2.004 Thread 0x00007fecccbec000 Implicit null exception at 0x000000010ed37075 to 0x000000010ed373d9
Event: 2.948 Thread 0x00007feccc00f000 Exception <a 'java/lang/NullPointerException'> (0x000000076aed3180) thrown at [/Users/java_re/workspace/8-2-build-macosx-x86_64/jdk8u91/6644/hotspot/src/share/vm/interpreter/linkResolver.cpp, line 1178]

Events (10 events):
Event: 101.259 loading class java/awt/Window$1DisposeAction done
Event: 101.259 Thread 0x00007fecccbec000 Uncommon trap: trap_request=0xffffffde fr.pc=0x000000010f58740c
Event: 101.259 Thread 0x00007fecccbec000 DEOPT PACKING pc=0x000000010f58740c sp=0x0000700002080fb0
Event: 101.259 Thread 0x00007fecccbec000 DEOPT UNPACKING pc=0x000000010eb99229 sp=0x0000700002080e38 mode 2
Event: 101.259 Thread 0x00007feccd923000 Uncommon trap: trap_request=0xffffffde fr.pc=0x000000010f58f7b0
Event: 101.259 Thread 0x00007feccd923000 DEOPT PACKING pc=0x000000010f58f7b0 sp=0x0000700001df7b90
Event: 101.259 Thread 0x00007feccd923000 DEOPT UNPACKING pc=0x000000010eb99229 sp=0x0000700001df7ba0 mode 2
Event: 101.260 Thread 0x00007feccc0ef800 Uncommon trap: trap_request=0xffffffde fr.pc=0x000000010f570cc0
Event: 101.260 Thread 0x00007feccc0ef800 DEOPT PACKING pc=0x000000010f570cc0 sp=0x00007fff53322710
Event: 101.260 Thread 0x00007feccc0ef800 DEOPT UNPACKING pc=0x000000010eb99229 sp=0x00007fff533226b8 mode 2


Dynamic libraries:
0x0000000004536000 	/System/Library/Frameworks/Cocoa.framework/Versions/A/Cocoa
0x0000000004536000 	/System/Library/Frameworks/Security.framework/Versions/A/Security
0x0000000004536000 	/System/Library/Frameworks/ApplicationServices.framework/Versions/A/ApplicationServices
0x0000000004536000 	/usr/lib/libz.1.dylib
0x0000000004536000 	/usr/lib/libSystem.B.dylib
0x0000000004536000 	/usr/lib/libobjc.A.dylib
0x0000000004536000 	/System/Library/Frameworks/CoreFoundation.framework/Versions/A/CoreFoundation
0x0000000004536000 	/System/Library/Frameworks/Foundation.framework/Versions/C/Foundation
0x0000000004536000 	/System/Library/Frameworks/AppKit.framework/Versions/C/AppKit
0x0000000004536000 	/System/Library/Frameworks/CoreData.framework/Versions/A/CoreData
0x0000000004536000 	/System/Library/PrivateFrameworks/RemoteViewServices.framework/Versions/A/RemoteViewServices
0x0000000004536000 	/System/Library/PrivateFrameworks/UIFoundation.framework/Versions/A/UIFoundation
0x0000000004536000 	/usr/lib/libScreenReader.dylib
0x0000000004536000 	/System/Library/Frameworks/Accelerate.framework/Versions/A/Accelerate
0x0000000004536000 	/System/Library/Frameworks/IOSurface.framework/Versions/A/IOSurface
0x0000000004536000 	/System/Library/Frameworks/AudioToolbox.framework/Versions/A/AudioToolbox
0x0000000004536000 	/System/Library/Frameworks/AudioUnit.framework/Versions/A/AudioUnit
0x0000000004536000 	/System/Library/PrivateFrameworks/DataDetectorsCore.framework/Versions/A/DataDetectorsCore
0x0000000004536000 	/System/Library/PrivateFrameworks/DesktopServicesPriv.framework/Versions/A/DesktopServicesPriv
0x0000000004536000 	/System/Library/Frameworks/Carbon.framework/Versions/A/Frameworks/HIToolbox.framework/Versions/A/HIToolbox
0x0000000004536000 	/System/Library/Frameworks/QuartzCore.framework/Versions/A/QuartzCore
0x0000000004536000 	/System/Library/Frameworks/Carbon.framework/Versions/A/Frameworks/SpeechRecognition.framework/Versions/A/SpeechRecognition
0x0000000004536000 	/usr/lib/libauto.dylib
0x0000000004536000 	/usr/lib/libicucore.A.dylib
0x0000000004536000 	/usr/lib/libxml2.2.dylib
0x0000000004536000 	/System/Library/PrivateFrameworks/CoreUI.framework/Versions/A/CoreUI
0x0000000004536000 	/System/Library/Frameworks/CoreAudio.framework/Versions/A/CoreAudio
0x0000000004536000 	/System/Library/Frameworks/DiskArbitration.framework/Versions/A/DiskArbitration
0x0000000004536000 	/usr/lib/liblangid.dylib
0x0000000004536000 	/System/Library/PrivateFrameworks/MultitouchSupport.framework/Versions/A/MultitouchSupport
0x0000000004536000 	/System/Library/Frameworks/IOKit.framework/Versions/A/IOKit
0x0000000004536000 	/usr/lib/libDiagnosticMessagesClient.dylib
0x0000000004536000 	/System/Library/Frameworks/CoreServices.framework/Versions/A/CoreServices
0x0000000004536000 	/System/Library/PrivateFrameworks/PerformanceAnalysis.framework/Versions/A/PerformanceAnalysis
0x0000000004536000 	/System/Library/PrivateFrameworks/GenerationalStorage.framework/Versions/A/GenerationalStorage
0x0000000004536000 	/System/Library/Frameworks/OpenGL.framework/Versions/A/OpenGL
0x0000000004536000 	/System/Library/PrivateFrameworks/Sharing.framework/Versions/A/Sharing
0x0000000004536000 	/System/Library/Frameworks/CoreGraphics.framework/Versions/A/CoreGraphics
0x0000000004536000 	/System/Library/Frameworks/CoreImage.framework/Versions/A/CoreImage
0x0000000004536000 	/System/Library/Frameworks/CoreText.framework/Versions/A/CoreText
0x0000000004536000 	/System/Library/Frameworks/ImageIO.framework/Versions/A/ImageIO
0x0000000004536000 	/System/Library/PrivateFrameworks/Backup.framework/Versions/A/Backup
0x0000000004536000 	/usr/lib/libextension.dylib
0x0000000004536000 	/usr/lib/libarchive.2.dylib
0x0000000004536000 	/System/Library/Frameworks/CFNetwork.framework/Versions/A/CFNetwork
0x0000000004536000 	/System/Library/Frameworks/SystemConfiguration.framework/Versions/A/SystemConfiguration
0x0000000004536000 	/usr/lib/libCRFSuite.dylib
0x0000000004536000 	/usr/lib/libc++.1.dylib
0x0000000004536000 	/usr/lib/libc++abi.dylib
0x0000000004536000 	/usr/lib/system/libcache.dylib
0x0000000004536000 	/usr/lib/system/libcommonCrypto.dylib
0x0000000004536000 	/usr/lib/system/libcompiler_rt.dylib
0x0000000004536000 	/usr/lib/system/libcopyfile.dylib
0x0000000004536000 	/usr/lib/system/libcorecrypto.dylib
0x0000000004536000 	/usr/lib/system/libdispatch.dylib
0x0000000004536000 	/usr/lib/system/libdyld.dylib
0x0000000004536000 	/usr/lib/system/libkeymgr.dylib
0x0000000004536000 	/usr/lib/system/liblaunch.dylib
0x0000000004536000 	/usr/lib/system/libmacho.dylib
0x0000000004536000 	/usr/lib/system/libquarantine.dylib
0x0000000004536000 	/usr/lib/system/libremovefile.dylib
0x0000000004536000 	/usr/lib/system/libsystem_asl.dylib
0x0000000004536000 	/usr/lib/system/libsystem_blocks.dylib
0x0000000004536000 	/usr/lib/system/libsystem_c.dylib
0x0000000004536000 	/usr/lib/system/libsystem_configuration.dylib
0x0000000004536000 	/usr/lib/system/libsystem_coreservices.dylib
0x0000000004536000 	/usr/lib/system/libsystem_coretls.dylib
0x0000000004536000 	/usr/lib/system/libsystem_dnssd.dylib
0x0000000004536000 	/usr/lib/system/libsystem_info.dylib
0x0000000004536000 	/usr/lib/system/libsystem_kernel.dylib
0x0000000004536000 	/usr/lib/system/libsystem_m.dylib
0x0000000004536000 	/usr/lib/system/libsystem_malloc.dylib
0x0000000004536000 	/usr/lib/system/libsystem_network.dylib
0x0000000004536000 	/usr/lib/system/libsystem_networkextension.dylib
0x0000000004536000 	/usr/lib/system/libsystem_notify.dylib
0x0000000004536000 	/usr/lib/system/libsystem_platform.dylib
0x0000000004536000 	/usr/lib/system/libsystem_pthread.dylib
0x0000000004536000 	/usr/lib/system/libsystem_sandbox.dylib
0x0000000004536000 	/usr/lib/system/libsystem_secinit.dylib
0x0000000004536000 	/usr/lib/system/libsystem_trace.dylib
0x0000000004536000 	/usr/lib/system/libunc.dylib
0x0000000004536000 	/usr/lib/system/libunwind.dylib
0x0000000004536000 	/usr/lib/system/libxpc.dylib
0x0000000004536000 	/usr/lib/libenergytrace.dylib
0x0000000004536000 	/usr/lib/libbsm.0.dylib
0x0000000004536000 	/usr/lib/system/libkxld.dylib
0x0000000004536000 	/usr/lib/libxar.1.dylib
0x0000000004536000 	/usr/lib/libsqlite3.dylib
0x0000000004536000 	/usr/lib/libpam.2.dylib
0x0000000004536000 	/usr/lib/libOpenScriptingUtil.dylib
0x0000000004536000 	/usr/lib/libbz2.1.0.dylib
0x0000000004536000 	/usr/lib/liblzma.5.dylib
0x0000000004536000 	/System/Library/Frameworks/CoreServices.framework/Versions/A/Frameworks/FSEvents.framework/Versions/A/FSEvents
0x0000000004536000 	/System/Library/Frameworks/CoreServices.framework/Versions/A/Frameworks/CarbonCore.framework/Versions/A/CarbonCore
0x0000000004536000 	/System/Library/Frameworks/CoreServices.framework/Versions/A/Frameworks/Metadata.framework/Versions/A/Metadata
0x0000000004536000 	/System/Library/Frameworks/CoreServices.framework/Versions/A/Frameworks/OSServices.framework/Versions/A/OSServices
0x0000000004536000 	/System/Library/Frameworks/CoreServices.framework/Versions/A/Frameworks/SearchKit.framework/Versions/A/SearchKit
0x0000000004536000 	/System/Library/Frameworks/CoreServices.framework/Versions/A/Frameworks/AE.framework/Versions/A/AE
0x0000000004536000 	/System/Library/Frameworks/CoreServices.framework/Versions/A/Frameworks/LaunchServices.framework/Versions/A/LaunchServices
0x0000000004536000 	/System/Library/Frameworks/CoreServices.framework/Versions/A/Frameworks/DictionaryServices.framework/Versions/A/DictionaryServices
0x0000000004536000 	/System/Library/Frameworks/CoreServices.framework/Versions/A/Frameworks/SharedFileList.framework/Versions/A/SharedFileList
0x0000000004536000 	/System/Library/Frameworks/NetFS.framework/Versions/A/NetFS
0x0000000004536000 	/System/Library/PrivateFrameworks/NetAuth.framework/Versions/A/NetAuth
0x0000000004536000 	/System/Library/PrivateFrameworks/login.framework/Versions/A/Frameworks/loginsupport.framework/Versions/A/loginsupport
0x0000000004536000 	/System/Library/PrivateFrameworks/TCC.framework/Versions/A/TCC
0x0000000004536000 	/usr/lib/libmecabra.dylib
0x0000000004536000 	/System/Library/Frameworks/ApplicationServices.framework/Versions/A/Frameworks/ATS.framework/Versions/A/ATS
0x0000000004536000 	/System/Library/Frameworks/ApplicationServices.framework/Versions/A/Frameworks/ColorSync.framework/Versions/A/ColorSync
0x0000000004536000 	/System/Library/Frameworks/ApplicationServices.framework/Versions/A/Frameworks/HIServices.framework/Versions/A/HIServices
0x0000000004536000 	/System/Library/Frameworks/ApplicationServices.framework/Versions/A/Frameworks/LangAnalysis.framework/Versions/A/LangAnalysis
0x0000000004536000 	/System/Library/Frameworks/ApplicationServices.framework/Versions/A/Frameworks/PrintCore.framework/Versions/A/PrintCore
0x0000000004536000 	/System/Library/Frameworks/ApplicationServices.framework/Versions/A/Frameworks/QD.framework/Versions/A/QD
0x0000000004536000 	/System/Library/Frameworks/ApplicationServices.framework/Versions/A/Frameworks/SpeechSynthesis.framework/Versions/A/SpeechSynthesis
0x0000000004536000 	/System/Library/Frameworks/Metal.framework/Versions/A/Metal
0x0000000004536000 	/System/Library/Frameworks/Accelerate.framework/Versions/A/Frameworks/vImage.framework/Versions/A/vImage
0x0000000004536000 	/System/Library/Frameworks/Accelerate.framework/Versions/A/Frameworks/vecLib.framework/Versions/A/vecLib
0x0000000004536000 	/System/Library/Frameworks/Accelerate.framework/Versions/A/Frameworks/vecLib.framework/Versions/A/libvDSP.dylib
0x0000000004536000 	/System/Library/Frameworks/Accelerate.framework/Versions/A/Frameworks/vecLib.framework/Versions/A/libvMisc.dylib
0x0000000004536000 	/System/Library/Frameworks/Accelerate.framework/Versions/A/Frameworks/vecLib.framework/Versions/A/libLAPACK.dylib
0x0000000004536000 	/System/Library/Frameworks/Accelerate.framework/Versions/A/Frameworks/vecLib.framework/Versions/A/libBLAS.dylib
0x0000000004536000 	/System/Library/Frameworks/Accelerate.framework/Versions/A/Frameworks/vecLib.framework/Versions/A/libLinearAlgebra.dylib
0x0000000004536000 	/System/Library/Frameworks/Accelerate.framework/Versions/A/Frameworks/vecLib.framework/Versions/A/libSparseBLAS.dylib
0x0000000004536000 	/System/Library/PrivateFrameworks/GPUCompiler.framework/libmetal_timestamp.dylib
0x0000000004536000 	/System/Library/Frameworks/OpenGL.framework/Versions/A/Libraries/libCoreFSCache.dylib
0x0000000004536000 	/System/Library/PrivateFrameworks/IOAccelerator.framework/Versions/A/IOAccelerator
0x0000000004536000 	/System/Library/Frameworks/ApplicationServices.framework/Versions/A/Frameworks/ATS.framework/Versions/A/Resources/libFontParser.dylib
0x0000000004536000 	/System/Library/Frameworks/ApplicationServices.framework/Versions/A/Frameworks/ATS.framework/Versions/A/Resources/libFontRegistry.dylib
0x0000000004536000 	/System/Library/PrivateFrameworks/AppleVPA.framework/Versions/A/AppleVPA
0x0000000004536000 	/System/Library/PrivateFrameworks/AppleJPEG.framework/Versions/A/AppleJPEG
0x0000000004536000 	/System/Library/Frameworks/ImageIO.framework/Versions/A/Resources/libJPEG.dylib
0x0000000004536000 	/System/Library/Frameworks/ImageIO.framework/Versions/A/Resources/libTIFF.dylib
0x0000000004536000 	/System/Library/Frameworks/ImageIO.framework/Versions/A/Resources/libPng.dylib
0x0000000004536000 	/System/Library/Frameworks/ImageIO.framework/Versions/A/Resources/libGIF.dylib
0x0000000004536000 	/System/Library/Frameworks/ImageIO.framework/Versions/A/Resources/libJP2.dylib
0x0000000004536000 	/System/Library/Frameworks/ImageIO.framework/Versions/A/Resources/libRadiance.dylib
0x0000000004536000 	/System/Library/Frameworks/CoreVideo.framework/Versions/A/CoreVideo
0x0000000004536000 	/System/Library/Frameworks/OpenGL.framework/Versions/A/Libraries/libGLU.dylib
0x0000000004536000 	/System/Library/Frameworks/OpenGL.framework/Versions/A/Libraries/libGFXShared.dylib
0x0000000004536000 	/System/Library/Frameworks/OpenGL.framework/Versions/A/Libraries/libGL.dylib
0x0000000004536000 	/System/Library/Frameworks/OpenGL.framework/Versions/A/Libraries/libGLImage.dylib
0x0000000004536000 	/System/Library/Frameworks/OpenGL.framework/Versions/A/Libraries/libCVMSPluginSupport.dylib
0x0000000004536000 	/System/Library/Frameworks/OpenGL.framework/Versions/A/Libraries/libCoreVMClient.dylib
0x0000000004536000 	/usr/lib/libcups.2.dylib
0x0000000004536000 	/System/Library/Frameworks/Kerberos.framework/Versions/A/Kerberos
0x0000000004536000 	/System/Library/Frameworks/GSS.framework/Versions/A/GSS
0x0000000004536000 	/usr/lib/libresolv.9.dylib
0x0000000004536000 	/usr/lib/libiconv.2.dylib
0x0000000004536000 	/System/Library/PrivateFrameworks/Heimdal.framework/Versions/A/Heimdal
0x0000000004536000 	/usr/lib/libheimdal-asn1.dylib
0x0000000004536000 	/System/Library/Frameworks/OpenDirectory.framework/Versions/A/OpenDirectory
0x0000000004536000 	/System/Library/PrivateFrameworks/CommonAuth.framework/Versions/A/CommonAuth
0x0000000004536000 	/System/Library/Frameworks/OpenDirectory.framework/Versions/A/Frameworks/CFOpenDirectory.framework/Versions/A/CFOpenDirectory
0x0000000004536000 	/System/Library/Frameworks/SecurityFoundation.framework/Versions/A/SecurityFoundation
0x0000000004536000 	/System/Library/PrivateFrameworks/LanguageModeling.framework/Versions/A/LanguageModeling
0x0000000004536000 	/usr/lib/libmarisa.dylib
0x0000000004536000 	/usr/lib/libChineseTokenizer.dylib
0x0000000004536000 	/usr/lib/libcmph.dylib
0x0000000004536000 	/usr/lib/libcompression.dylib
0x0000000004536000 	/System/Library/Frameworks/ServiceManagement.framework/Versions/A/ServiceManagement
0x0000000004536000 	/usr/lib/libxslt.1.dylib
0x0000000004536000 	/System/Library/Frameworks/Carbon.framework/Versions/A/Frameworks/Ink.framework/Versions/A/Ink
0x0000000004536000 	/usr/lib/libFosl_dynamic.dylib
0x0000000004536000 	/System/Library/PrivateFrameworks/FaceCore.framework/Versions/A/FaceCore
0x0000000004536000 	/System/Library/Frameworks/OpenCL.framework/Versions/A/OpenCL
0x0000000004536000 	/System/Library/PrivateFrameworks/CrashReporterSupport.framework/Versions/A/CrashReporterSupport
0x0000000004536000 	/System/Library/PrivateFrameworks/IconServices.framework/Versions/A/IconServices
0x0000000004536000 	/System/Library/PrivateFrameworks/Apple80211.framework/Versions/A/Apple80211
0x0000000004536000 	/System/Library/Frameworks/CoreWLAN.framework/Versions/A/CoreWLAN
0x0000000004536000 	/System/Library/Frameworks/IOBluetooth.framework/Versions/A/IOBluetooth
0x0000000004536000 	/System/Library/PrivateFrameworks/CoreWiFi.framework/Versions/A/CoreWiFi
0x0000000004536000 	/System/Library/Frameworks/CoreBluetooth.framework/Versions/A/CoreBluetooth
0x0000000004536000 	/System/Library/PrivateFrameworks/ChunkingLibrary.framework/Versions/A/ChunkingLibrary
0x0000000004536000 	/System/Library/PrivateFrameworks/DebugSymbols.framework/Versions/A/DebugSymbols
0x0000000004536000 	/System/Library/PrivateFrameworks/CoreSymbolication.framework/Versions/A/CoreSymbolication
0x0000000004536000 	/System/Library/PrivateFrameworks/Symbolication.framework/Versions/A/Symbolication
0x0000000004536000 	/System/Library/PrivateFrameworks/SpeechRecognitionCore.framework/Versions/A/SpeechRecognitionCore
0x000000010dc00000 	/Library/Java/JavaVirtualMachines/jdk1.8.0_91.jdk/Contents/Home/jre/lib/server/libjvm.dylib
0x0000000004536000 	/usr/lib/libstdc++.6.dylib
0x000000010cb59000 	/Library/Java/JavaVirtualMachines/jdk1.8.0_91.jdk/Contents/Home/jre/lib/libverify.dylib
0x000000010cb67000 	/Library/Java/JavaVirtualMachines/jdk1.8.0_91.jdk/Contents/Home/jre/lib/libjava.dylib
0x000000010cba6000 	/Library/Java/JavaVirtualMachines/jdk1.8.0_91.jdk/Contents/Home/jre/lib/libzip.dylib
0x0000000129bf9000 	/System/Library/Frameworks/JavaVM.framework/Frameworks/JavaRuntimeSupport.framework/JavaRuntimeSupport
0x0000000129c14000 	/System/Library/Frameworks/JavaVM.framework/Versions/A/Frameworks/JavaNativeFoundation.framework/Versions/A/JavaNativeFoundation
0x0000000129c29000 	/System/Library/Frameworks/JavaVM.framework/Versions/A/JavaVM
0x0000000004536000 	/System/Library/Frameworks/Carbon.framework/Versions/A/Carbon
0x0000000129c36000 	/System/Library/PrivateFrameworks/JavaLaunching.framework/Versions/A/JavaLaunching
0x0000000004536000 	/System/Library/Frameworks/Carbon.framework/Versions/A/Frameworks/CommonPanels.framework/Versions/A/CommonPanels
0x0000000004536000 	/System/Library/Frameworks/Carbon.framework/Versions/A/Frameworks/Help.framework/Versions/A/Help
0x0000000004536000 	/System/Library/Frameworks/Carbon.framework/Versions/A/Frameworks/ImageCapture.framework/Versions/A/ImageCapture
0x0000000004536000 	/System/Library/Frameworks/Carbon.framework/Versions/A/Frameworks/OpenScripting.framework/Versions/A/OpenScripting
0x0000000004536000 	/System/Library/Frameworks/Carbon.framework/Versions/A/Frameworks/Print.framework/Versions/A/Print
0x0000000004536000 	/System/Library/Frameworks/Carbon.framework/Versions/A/Frameworks/SecurityHI.framework/Versions/A/SecurityHI
0x000000012b55a000 	/Library/Java/JavaVirtualMachines/jdk1.8.0_91.jdk/Contents/Home/jre/lib/libawt.dylib
0x000000012b602000 	/Library/Java/JavaVirtualMachines/jdk1.8.0_91.jdk/Contents/Home/jre/lib/./libmlib_image.dylib
0x000000012b6ce000 	/Library/Java/JavaVirtualMachines/jdk1.8.0_91.jdk/Contents/Home/jre/lib/libawt_lwawt.dylib
0x000000012b783000 	/Library/Java/JavaVirtualMachines/jdk1.8.0_91.jdk/Contents/Home/jre/lib/./libosxapp.dylib
0x0000000004536000 	/System/Library/Frameworks/ExceptionHandling.framework/Versions/A/ExceptionHandling
0x0000000004536000 	/System/Library/PrivateFrameworks/CoreServicesInternal.framework/Versions/A/CoreServicesInternal
0x0000000004536000 	/System/Library/Frameworks/CoreGraphics.framework/Versions/A/Resources/libRIP.A.dylib
0x0000000004536000 	/System/Library/Frameworks/Accelerate.framework/Versions/A/Frameworks/vImage.framework/Versions/A/Libraries/libCGInterfaces.dylib
0x0000000004536000 	/System/Library/Frameworks/CoreGraphics.framework/Versions/A/Resources/libCGXType.A.dylib
0x0000000004536000 	/System/Library/Frameworks/OpenCL.framework/Versions/A/Libraries/libcldcpuengine.dylib
0x0000000004536000 	/System/Library/PrivateFrameworks/DiskImages.framework/Versions/A/DiskImages
0x0000000004536000 	/System/Library/Frameworks/DiscRecording.framework/Versions/A/DiscRecording
0x0000000004536000 	/usr/lib/libcsfde.dylib
0x0000000004536000 	/usr/lib/libcurl.4.dylib
0x0000000004536000 	/System/Library/PrivateFrameworks/MediaKit.framework/Versions/A/MediaKit
0x0000000004536000 	/System/Library/PrivateFrameworks/ProtectedCloudStorage.framework/Versions/A/ProtectedCloudStorage
0x0000000004536000 	/usr/lib/libCoreStorage.dylib
0x0000000004536000 	/System/Library/PrivateFrameworks/EFILogin.framework/Versions/A/EFILogin
0x0000000004536000 	/usr/lib/libutil.dylib
0x0000000004536000 	/System/Library/PrivateFrameworks/FindMyDevice.framework/Versions/A/FindMyDevice
0x0000000004536000 	/System/Library/Frameworks/LDAP.framework/Versions/A/LDAP
0x0000000004536000 	/usr/lib/libsasl2.2.dylib
0x0000000004536000 	/System/Library/PrivateFrameworks/CoreDaemon.framework/Versions/B/CoreDaemon
0x0000000004536000 	/usr/lib/libcrypto.0.9.8.dylib
0x0000000004536000 	/System/Library/PrivateFrameworks/AppleSRP.framework/Versions/A/AppleSRP
0x0000000004536000 	/System/Library/PrivateFrameworks/TrustEvaluationAgent.framework/Versions/A/TrustEvaluationAgent
0x000000012d14d000 	cl_kernels
0x0000000004536000 	/System/Library/Frameworks/OpenCL.framework/Versions/A/Libraries/ImageFormats/unorm8_bgra.dylib
0x0000000004536000 	/System/Library/Frameworks/OpenCL.framework/Versions/A/Libraries/ImageFormats/unorm8_rgba.dylib
0x0000000004536000 	/System/Library/PrivateFrameworks/FamilyControls.framework/Versions/A/FamilyControls
0x0000000004536000 	/System/Library/PrivateFrameworks/CommerceKit.framework/Versions/A/Frameworks/CommerceCore.framework/Versions/A/CommerceCore
0x0000000004536000 	/System/Library/PrivateFrameworks/SystemAdministration.framework/Versions/A/SystemAdministration
0x0000000004536000 	/System/Library/PrivateFrameworks/AppContainer.framework/Versions/A/AppContainer
0x0000000004536000 	/System/Library/PrivateFrameworks/SecCodeWrapper.framework/Versions/A/SecCodeWrapper
0x0000000004536000 	/System/Library/Frameworks/DirectoryService.framework/Versions/A/DirectoryService
0x0000000004536000 	/System/Library/PrivateFrameworks/LoginUIKit.framework/Versions/A/Frameworks/LoginUICore.framework/Versions/A/LoginUICore
0x0000000004536000 	/usr/lib/libodfde.dylib
0x0000000004536000 	/System/Library/Frameworks/OpenGL.framework/Versions/A/Resources/GLEngine.bundle/GLEngine
0x0000000004536000 	/System/Library/Frameworks/OpenGL.framework/Versions/A/Libraries/libGLProgrammability.dylib
0x000000012e266000 	/System/Library/Extensions/AppleIntelHD5000GraphicsGLDriver.bundle/Contents/MacOS/AppleIntelHD5000GraphicsGLDriver
0x0000000004536000 	/System/Library/PrivateFrameworks/GPUSupport.framework/Versions/A/Libraries/libGPUSupportMercury.dylib
0x000000012e9b5000 	/System/Library/Extensions/AMDRadeonX4000GLDriver.bundle/Contents/MacOS/AMDRadeonX4000GLDriver
0x000000012ea81000 	/System/Library/Extensions/AMDRadeonX4000GLDriver.bundle/Contents/MacOS/ATIRadeonX4000SCLib.dylib
0x0000000004536000 	/System/Library/Frameworks/OpenGL.framework/Versions/A/Resources/GLRendererFloat.bundle/GLRendererFloat
0x000000012f07d000 	/Library/Java/JavaVirtualMachines/jdk1.8.0_91.jdk/Contents/Home/jre/lib/libfontmanager.dylib
0x0000000130c7b000 	/Library/Java/JavaVirtualMachines/jdk1.8.0_91.jdk/Contents/Home/jre/lib/libosxui.dylib
0x0000000131768000 	/Library/Java/JavaVirtualMachines/jdk1.8.0_91.jdk/Contents/Home/jre/lib/libnet.dylib
0x0000000131969000 	/Library/Java/JavaVirtualMachines/jdk1.8.0_91.jdk/Contents/Home/jre/lib/libnio.dylib
0x0000000004536000 	/System/Library/Frameworks/ApplicationServices.framework/Versions/A/Frameworks/ATS.framework/Versions/A/Resources/libTrueTypeScaler.dylib
0x0000000182a8c000 	/System/Library/Extensions/AMDMTLBronzeDriver.bundle/Contents/MacOS/AMDMTLBronzeDriver
0x0000000004536000 	/System/Library/PrivateFrameworks/IOAccelMemoryInfo.framework/Versions/A/IOAccelMemoryInfo
0x0000000182be7000 	/System/Library/Extensions/AppleIntelHD5000GraphicsMTLDriver.bundle/Contents/MacOS/AppleIntelHD5000GraphicsMTLDriver
0x0000000182947000 	/private/var/folders/vf/861yb8t12d1bb881lp7xhgmh0000gn/T/jogamp_0000/file_cache/jln6273565478206940539/jln6666969662586279283/libgluegen-rt.jnilib
0x0000000130a06000 	/private/var/folders/vf/861yb8t12d1bb881lp7xhgmh0000gn/T/jogamp_0000/file_cache/jln6273565478206940539/jln6666969662586279283/libnativewindow_awt.jnilib
0x000000018294b000 	/Library/Java/JavaVirtualMachines/jdk1.8.0_91.jdk/Contents/Home/jre/lib/libjawt.dylib
0x000000018294e000 	/private/var/folders/vf/861yb8t12d1bb881lp7xhgmh0000gn/T/jogamp_0000/file_cache/jln6273565478206940539/jln6666969662586279283/libnativewindow_macosx.jnilib
0x00000001878cf000 	/private/var/folders/vf/861yb8t12d1bb881lp7xhgmh0000gn/T/jogamp_0000/file_cache/jln6273565478206940539/jln6666969662586279283/libjogl_desktop.jnilib
0x000000018a7fd000 	/Library/Java/JavaVirtualMachines/jdk1.8.0_91.jdk/Contents/Home/jre/lib/libt2k.dylib

VM Arguments:
jvm_args: -Djava.security.policy=java.policy.applet -Dfile.encoding=UTF-8 
java_command: sun.applet.AppletViewer module2.EarthquakeCityMap1463527218274.html
java_class_path (initial): /Users/weiyin/Desktop/Java_code/UCSDUnfoldingMaps/build:/Users/weiyin/Desktop/Java_code/UCSDUnfoldingMaps/lib/core.jar:/Users/weiyin/Desktop/Java_code/UCSDUnfoldingMaps/lib/gluegen-rt.jar:/Users/weiyin/Desktop/Java_code/UCSDUnfoldingMaps/lib/jogl-all.jar:/Users/weiyin/Desktop/Java_code/UCSDUnfoldingMaps/lib/log4j-1.2.15.jar:/Users/weiyin/Desktop/Java_code/UCSDUnfoldingMaps/lib/sqlite-jdbc-3.7.2.jar:/Users/weiyin/Desktop/Java_code/UCSDUnfoldingMaps/lib/json4processing.jar:/Users/weiyin/Desktop/Java_code/UCSDUnfoldingMaps/lib/libTUIO.jar:/Users/weiyin/Desktop/Java_code/UCSDUnfoldingMaps/lib/unfolding.0.9.7-uscd.jar
Launcher Type: SUN_STANDARD

Environment Variables:
PATH=/usr/bin:/bin:/usr/sbin:/sbin
SHELL=/bin/bash

Signal Handlers:
SIGSEGV: [libjvm.dylib+0x5a97a1], sa_mask[0]=11111111011111110111111111111111, sa_flags=SA_ONSTACK|SA_RESTART|SA_SIGINFO
SIGBUS: [libjvm.dylib+0x5a97a1], sa_mask[0]=11111111011111110111111111111111, sa_flags=SA_RESTART|SA_SIGINFO
SIGFPE: [libjvm.dylib+0x482594], sa_mask[0]=11111111011111110111111111111111, sa_flags=SA_RESTART|SA_SIGINFO
SIGPIPE: [libjvm.dylib+0x482594], sa_mask[0]=11111111011111110111111111111111, sa_flags=SA_RESTART|SA_SIGINFO
SIGXFSZ: [libjvm.dylib+0x482594], sa_mask[0]=11111111011111110111111111111111, sa_flags=SA_RESTART|SA_SIGINFO
SIGILL: [libjvm.dylib+0x482594], sa_mask[0]=11111111011111110111111111111111, sa_flags=SA_RESTART|SA_SIGINFO
SIGUSR1: SIG_DFL, sa_mask[0]=00000000000000000000000000000000, sa_flags=none
SIGUSR2: [libjvm.dylib+0x4820b2], sa_mask[0]=00100000000000000000000000000000, sa_flags=SA_RESTART|SA_SIGINFO
SIGHUP: [libjvm.dylib+0x480689], sa_mask[0]=11111111011111110111111111111111, sa_flags=SA_RESTART|SA_SIGINFO
SIGINT: [libjvm.dylib+0x480689], sa_mask[0]=11111111011111110111111111111111, sa_flags=SA_RESTART|SA_SIGINFO
SIGTERM: [libjvm.dylib+0x480689], sa_mask[0]=11111111011111110111111111111111, sa_flags=SA_RESTART|SA_SIGINFO
SIGQUIT: [libjvm.dylib+0x480689], sa_mask[0]=11111111011111110111111111111111, sa_flags=SA_RESTART|SA_SIGINFO


---------------  S Y S T E M  ---------------

OS:Bsduname:Darwin 15.4.0 Darwin Kernel Version 15.4.0: Fri Feb 26 22:08:05 PST 2016; root:xnu-3248.40.184~3/RELEASE_X86_64 x86_64
rlimit: STACK 8192k, CORE 0k, NPROC 709, NOFILE 10240, AS infinity
load average:2.00 1.62 1.61

CPU:total 8 (4 cores per cpu, 2 threads per core) family 6 model 70 stepping 1, cmov, cx8, fxsr, mmx, sse, sse2, sse3, ssse3, sse4.1, sse4.2, popcnt, avx, avx2, aes, clmul, erms, lzcnt, ht, tsc, tscinvbit, bmi1, bmi2

Memory: 4k page, physical 16777216k(1487152k free)

/proc/meminfo:


vm_info: Java HotSpot(TM) 64-Bit Server VM (25.91-b14) for bsd-amd64 JRE (1.8.0_91-b14), built on Apr  1 2016 01:03:00 by "java_re" with gcc 4.2.1 (Based on Apple Inc. build 5658) (LLVM build 2336.11.00)

time: Tue May 17 18:21:59 2016
elapsed time: 101 seconds (0d 0h 1m 41s)

